2015-01-20 15:01:05.006 UBA Expo[16966:70b] Multi-tasking -> Device: YES, App: YES
2015-01-20 15:01:05.230 UBA Expo[16966:70b] Unlimited access to network resources
2015-01-20 15:01:07.320 UBA Expo[16966:70b] CDVPlugin class IonicKeyboard (pluginName: keyboard) does not exist.
2015-01-20 15:01:07.321 UBA Expo[16966:70b] [CDVTimer][keyboard] 0.699043ms
2015-01-20 15:01:07.321 UBA Expo[16966:70b] CDVPlugin class CDVStatusBar (pluginName: statusbar) does not exist.
2015-01-20 15:01:07.322 UBA Expo[16966:70b] [CDVTimer][statusbar] 0.453949ms
2015-01-20 15:01:07.322 UBA Expo[16966:70b] [CDVTimer][TotalPluginStartup] 2.124012ms
2015-01-20 15:01:09.145 UBA Expo[16966:70b] Resetting plugins due to page load.
2015-01-20 15:01:10.771 UBA Expo[16966:70b] Finished load of: file:///Users/bbeswick/Library/Application%20Support/iPhone%20Simulator/7.1/Applications/2E502009-7E9E-48A0-A327-40D448CF800D/UBA%20Expo.app/www/index.html#/intro
2015-01-20 15:01:11.418 UBA Expo[16966:70b] CDVPlugin class CDVStatusBar (pluginName: StatusBar) does not exist.
2015-01-20 15:01:11.418 UBA Expo[16966:70b] ERROR: Plugin 'StatusBar' not found, or is not a CDVPlugin. Check your plugin mapping in config.xml.
2015-01-20 15:01:11.419 UBA Expo[16966:70b] -[CDVCommandQueue executePending] [Line 158] FAILED pluginJSON = [
  "StatusBar235592815",
  "StatusBar",
  "_ready",
  [

  ]
]
2015-01-20 15:01:11.420 UBA Expo[16966:70b] CDVPlugin class CDVDevice (pluginName: Device) does not exist.
2015-01-20 15:01:11.420 UBA Expo[16966:70b] ERROR: Plugin 'Device' not found, or is not a CDVPlugin. Check your plugin mapping in config.xml.
2015-01-20 15:01:11.421 UBA Expo[16966:70b] -[CDVCommandQueue executePending] [Line 158] FAILED pluginJSON = [
  "Device235592816",
  "Device",
  "getDeviceInfo",
  [

  ]
]
Terminating in response to SpringBoard's termination.
2015-01-20 15:17:22.178 UBA Expo[17233:70b] Multi-tasking -> Device: YES, App: YES
2015-01-20 15:17:22.285 UBA Expo[17233:70b] Unlimited access to network resources
2015-01-20 15:17:22.376 UBA Expo[17233:70b] CDVPlugin class IonicKeyboard (pluginName: keyboard) does not exist.
2015-01-20 15:17:22.377 UBA Expo[17233:70b] [CDVTimer][keyboard] 0.595987ms
2015-01-20 15:17:22.377 UBA Expo[17233:70b] CDVPlugin class CDVStatusBar (pluginName: statusbar) does not exist.
2015-01-20 15:17:22.378 UBA Expo[17233:70b] [CDVTimer][statusbar] 0.460029ms
2015-01-20 15:17:22.378 UBA Expo[17233:70b] [CDVTimer][TotalPluginStartup] 2.085030ms
2015-01-20 15:17:22.733 UBA Expo[17233:70b] Resetting plugins due to page load.
2015-01-20 15:17:23.725 UBA Expo[17233:70b] Finished load of: file:///Users/bbeswick/Library/Application%20Support/iPhone%20Simulator/7.1/Applications/2E502009-7E9E-48A0-A327-40D448CF800D/UBA%20Expo.app/www/index.html#/intro
2015-01-20 15:17:23.753 UBA Expo[17233:70b] CDVPlugin class CDVStatusBar (pluginName: StatusBar) does not exist.
2015-01-20 15:17:23.753 UBA Expo[17233:70b] ERROR: Plugin 'StatusBar' not found, or is not a CDVPlugin. Check your plugin mapping in config.xml.
2015-01-20 15:17:23.754 UBA Expo[17233:70b] -[CDVCommandQueue executePending] [Line 158] FAILED pluginJSON = [
  "StatusBar469811171",
  "StatusBar",
  "_ready",
  [

  ]
]
2015-01-20 15:17:23.754 UBA Expo[17233:70b] CDVPlugin class CDVDevice (pluginName: Device) does not exist.
2015-01-20 15:17:23.754 UBA Expo[17233:70b] ERROR: Plugin 'Device' not found, or is not a CDVPlugin. Check your plugin mapping in config.xml.
2015-01-20 15:17:23.755 UBA Expo[17233:70b] -[CDVCommandQueue executePending] [Line 158] FAILED pluginJSON = [
  "Device469811172",
  "Device",
  "getDeviceInfo",
  [

  ]
]
2015-01-20 15:17:30.037 UBA Expo[17233:70b] CDVPlugin class CDVInAppBrowser (pluginName: InAppBrowser) does not exist.
2015-01-20 15:17:30.037 UBA Expo[17233:70b] ERROR: Plugin 'InAppBrowser' not found, or is not a CDVPlugin. Check your plugin mapping in config.xml.
2015-01-20 15:17:30.037 UBA Expo[17233:70b] -[CDVCommandQueue executePending] [Line 158] FAILED pluginJSON = [
  "InAppBrowser469811173",
  "InAppBrowser",
  "open",
  [
    "http:\/\/mobile.ubabenefits.com\/UBAConIntro\/UBAConPresentations\/tabid\/137\/Default.aspx",
    "_blank",
    "location=yes"
  ]
]
2015-01-20 15:17:33.701 UBA Expo[17233:70b] CDVPlugin class CDVInAppBrowser (pluginName: InAppBrowser) does not exist.
2015-01-20 15:17:33.701 UBA Expo[17233:70b] ERROR: Plugin 'InAppBrowser' not found, or is not a CDVPlugin. Check your plugin mapping in config.xml.
2015-01-20 15:17:33.701 UBA Expo[17233:70b] -[CDVCommandQueue executePending] [Line 158] FAILED pluginJSON = [
  "InAppBrowser469811174",
  "InAppBrowser",
  "open",
  [
    "http:\/\/mobile.ubabenefits.com\/UBAConIntro\/UBAConFeedback\/tabid\/139\/Default.aspx",
    "_blank",
    "location=yes"
  ]
]
